Start testing: May 15 16:45 대한민국 표준시
----------------------------------------------------------
8/25 Testing: ValidChannels/TunerValidChannelTest.testSetChForValidChannel/"99"
8/25 Test: ValidChannels/TunerValidChannelTest.testSetChForValidChannel/"99"
Command: "E:/dev/TDD_TV_13/build/TunerTest.exe" "--gtest_filter=ValidChannels/TunerValidChannelTest.testSetChForValidChannel/4" "--gtest_also_run_disabled_tests"
Directory: E:/dev/TDD_TV_13/build
"ValidChannels/TunerValidChannelTest.testSetChForValidChannel/"99"" start time: May 15 16:45 대한민국 표준시
Output:
----------------------------------------------------------
Running main() from E:\dev\TDD_TV_13\build\_deps\googletest-src\googletest\src\gtest_main.cc
Note: Google Test filter = ValidChannels/TunerValidChannelTest.testSetChForValidChannel/4
[==========] Running 1 test from 1 test suite.
[----------] Global test environment set-up.
[----------] 1 test from ValidChannels/TunerValidChannelTest
[ RUN      ] ValidChannels/TunerValidChannelTest.testSetChForValidChannel/4
[       OK ] ValidChannels/TunerValidChannelTest.testSetChForValidChannel/4 (47 ms)
[----------] 1 test from ValidChannels/TunerValidChannelTest (47 ms total)

[----------] Global test environment tear-down
[==========] 1 test from 1 test suite ran. (47 ms total)
[  PASSED  ] 1 test.
<end of output>
Test time =   0.27 sec
----------------------------------------------------------
Test Passed.
"ValidChannels/TunerValidChannelTest.testSetChForValidChannel/"99"" end time: May 15 16:45 대한민국 표준시
"ValidChannels/TunerValidChannelTest.testSetChForValidChannel/"99"" time elapsed: 00:00:00
----------------------------------------------------------

End testing: May 15 16:45 대한민국 표준시
