Start testing: May 15 17:04 대한민국 표준시
----------------------------------------------------------
23/25 Testing: ControllerTest.NextFavorite_Normal
23/25 Test: ControllerTest.NextFavorite_Normal
Command: "E:/dev/TDD_TV_13/build/TVChannelControllerTest.exe" "--gtest_filter=ControllerTest.NextFavorite_Normal" "--gtest_also_run_disabled_tests"
Directory: E:/dev/TDD_TV_13/build
"ControllerTest.NextFavorite_Normal" start time: May 15 17:04 대한민국 표준시
Output:
----------------------------------------------------------
Running main() from E:\dev\TDD_TV_13\build\_deps\googletest-src\googletest\src\gtest_main.cc
Note: Google Test filter = ControllerTest.NextFavorite_Normal
[==========] Running 1 test from 1 test suite.
[----------] Global test environment set-up.
[----------] 1 test from ControllerTest
[ RUN      ] ControllerTest.NextFavorite_Normal
E:\dev\TDD_TV_13\test\TVChannelControllerTest.cpp:98: Failure
Expected equality of these values:
  "12"
  tuner->getCurrentCH()
    Which is: "6"

[  FAILED  ] ControllerTest.NextFavorite_Normal (1 ms)
[----------] 1 test from ControllerTest (1 ms total)

[----------] Global test environment tear-down
[==========] 1 test from 1 test suite ran. (1 ms total)
[  PASSED  ] 0 tests.
[  FAILED  ] 1 test, listed below:
[  FAILED  ] ControllerTest.NextFavorite_Normal

 1 FAILED TEST
<end of output>
Test time =   0.04 sec
----------------------------------------------------------
Test Failed.
"ControllerTest.NextFavorite_Normal" end time: May 15 17:04 대한민국 표준시
"ControllerTest.NextFavorite_Normal" time elapsed: 00:00:00
----------------------------------------------------------

End testing: May 15 17:04 대한민국 표준시
