<?xml version="1.0" encoding="UTF-8"?>
<Site BuildName="(empty)"
	BuildStamp="20260515-0636-Experimental"
	Name="(empty)"
	Generator="ctest-4.3.1"
	CompilerName=""
	CompilerVersion=""
	OSName="Windows"
	Hostname="DESKTOP-G041B6R"
	OSRelease="10.0.19045"
	OSVersion="Windows 10"
	OSPlatform="AMD64"
	Is64Bits="1"
	VendorString=""
	VendorID="Unknown Manufacturer"
	FamilyID="0"
	ModelID="0"
	ModelName=""
	ProcessorCacheSize="0"
	NumberOfLogicalCPU="4"
	NumberOfPhysicalCPU="4"
	TotalVirtualMemory="14482"
	TotalPhysicalMemory="8130"
	LogicalProcessorsPerPhysical="1"
	ProcessorClockFrequency="3401.000000"
	>
	<Testing>
		<StartDateTime>May 15 16:45 [NON-UTF-8-BYTE-0xB4][NON-UTF-8-BYTE-0xEB][NON-UTF-8-BYTE-0xC7]ѹα[NON-UTF-8-BYTE-0xB9] ǥ[NON-UTF-8-BYTE-0xC1]ؽ[NON-UTF-8-BYTE-0xC3]</StartDateTime>
		<StartTestTime>1778831143</StartTestTime>
		<TestList>
			<Test>./ValidChannels/TunerValidChannelTest.testSetChForValidChannel/"99"</Test>
		</TestList>
		<Test Status="passed">
			<Name>ValidChannels/TunerValidChannelTest.testSetChForValidChannel/"99"</Name>
			<Path>.</Path>
			<FullName>./ValidChannels/TunerValidChannelTest.testSetChForValidChannel/"99"</FullName>
			<FullCommandLine>E:\dev\TDD_TV_13\build\TunerTest.exe "--gtest_filter=ValidChannels/TunerValidChannelTest.testSetChForValidChannel/4" "--gtest_also_run_disabled_tests"</FullCommandLine>
			<StartTestTime>1778831143.543391</StartTestTime>
			<Results>
				<NamedMeasurement type="numeric/double" name="Execution Time">
					<Value>0.266551</Value>
				</NamedMeasurement>
				<NamedMeasurement type="numeric/double" name="Processors">
					<Value>1</Value>
				</NamedMeasurement>
				<NamedMeasurement type="text/string" name="Completion Status">
					<Value>Completed</Value>
				</NamedMeasurement>
				<NamedMeasurement type="text/string" name="Command Line">
					<Value>E:\dev\TDD_TV_13\build\TunerTest.exe "--gtest_filter=ValidChannels/TunerValidChannelTest.testSetChForValidChannel/4" "--gtest_also_run_disabled_tests"</Value>
				</NamedMeasurement>
				<NamedMeasurement type="text/string" name="Environment">
					<Value>#CTEST_RESOURCE_GROUP_COUNT=</Value>
				</NamedMeasurement>
				<Measurement>
					<Value encoding="base64" compression="gzip">eJylUcGKgzAQvecr5lgPWsoWFgo9LLXtYaG7qNuLEUl1agMxKUns/v4alWILCwXfaSbv8SZvJmqk5LKCmnE58+CsVQ3bFS3xRpMwzJNjvnijp4aLkuYlXg2tlKoEWjTWN7oYtbRrXZU7s6AoyEFZXMG+k0DSMnDmwqKGNRyZ4OXmwqREYeZJI1GPn5w4cF4x2s1lpx7I+ZKk6zsyiIYMC7DdDJdhqE3DLQYk9e/IYC/UiYmeR3njWskaZatF6zfXJ/HY84U/kxSinwN0yCaH7H3g63OyF8yW71Abb1K4wQSsskx45LWtWmTaL9WvfLzZf7cCzWTwNKjdw/dHHG9Dt9NeHJA/cJ7pvA==</Value>
				</Measurement>
			</Results>
		</Test>
		<EndDateTime>May 15 16:45 [NON-UTF-8-BYTE-0xB4][NON-UTF-8-BYTE-0xEB][NON-UTF-8-BYTE-0xC7]ѹα[NON-UTF-8-BYTE-0xB9] ǥ[NON-UTF-8-BYTE-0xC1]ؽ[NON-UTF-8-BYTE-0xC3]</EndDateTime>
		<EndTestTime>1778831143</EndTestTime>
		<ElapsedMinutes>0</ElapsedMinutes>
	</Testing>
</Site>
