<?xml version="1.0" encoding="UTF-8"?>
<Site BuildName="(empty)"
	BuildStamp="20260515-0636-Experimental"
	Name="(empty)"
	Generator="ctest-4.3.1"
	CompilerName=""
	CompilerVersion=""
	OSName="Windows"
	Hostname="DESKTOP-G041B6R"
	OSRelease="10.0.19045"
	OSVersion="Windows 10"
	OSPlatform="AMD64"
	Is64Bits="1"
	VendorString=""
	VendorID="Unknown Manufacturer"
	FamilyID="0"
	ModelID="0"
	ModelName=""
	ProcessorCacheSize="0"
	NumberOfLogicalCPU="4"
	NumberOfPhysicalCPU="4"
	TotalVirtualMemory="14482"
	TotalPhysicalMemory="8130"
	LogicalProcessorsPerPhysical="1"
	ProcessorClockFrequency="3401.000000"
	>
	<Testing>
		<StartDateTime>May 15 17:04 [NON-UTF-8-BYTE-0xB4][NON-UTF-8-BYTE-0xEB][NON-UTF-8-BYTE-0xC7]ѹα[NON-UTF-8-BYTE-0xB9] ǥ[NON-UTF-8-BYTE-0xC1]ؽ[NON-UTF-8-BYTE-0xC3]</StartDateTime>
		<StartTestTime>1778832281</StartTestTime>
		<TestList>
			<Test>./ControllerTest.NextFavorite_Normal</Test>
		</TestList>
		<Test Status="failed">
			<Name>ControllerTest.NextFavorite_Normal</Name>
			<Path>.</Path>
			<FullName>./ControllerTest.NextFavorite_Normal</FullName>
			<FullCommandLine>E:\dev\TDD_TV_13\build\TVChannelControllerTest.exe "--gtest_filter=ControllerTest.NextFavorite_Normal" "--gtest_also_run_disabled_tests"</FullCommandLine>
			<StartTestTime>1778832281.960818</StartTestTime>
			<Results>
				<NamedMeasurement type="text/string" name="Exit Code">
					<Value>Failed</Value>
				</NamedMeasurement>
				<NamedMeasurement type="text/string" name="Exit Value">
					<Value>1</Value>
				</NamedMeasurement>
				<NamedMeasurement type="numeric/double" name="Execution Time">
					<Value>0.037536</Value>
				</NamedMeasurement>
				<NamedMeasurement type="numeric/double" name="Processors">
					<Value>1</Value>
				</NamedMeasurement>
				<NamedMeasurement type="text/string" name="Completion Status">
					<Value>Completed</Value>
				</NamedMeasurement>
				<NamedMeasurement type="text/string" name="Command Line">
					<Value>E:\dev\TDD_TV_13\build\TVChannelControllerTest.exe "--gtest_filter=ControllerTest.NextFavorite_Normal" "--gtest_also_run_disabled_tests"</Value>
				</NamedMeasurement>
				<NamedMeasurement type="text/string" name="Environment">
					<Value>#CTEST_RESOURCE_GROUP_COUNT=</Value>
				</NamedMeasurement>
				<Measurement>
					<Value encoding="base64" compression="gzip">eJyVUdtqwkAQfd+vGHxSaEJtobQBC+KthSJFU/tgJKzJqAub3XR3Vu3fNxcRtRTsvOztzNlzzkycUkKtIeNCNVuwMjqDQRCluI3Cfj8OZ3H7Plo6IdMoTjG30VrrtURCS541yckxqo7lLi7J/CRhY00YwKiCQFi8wEpIQgMd6GlFRkuJprz3x7inId9qIwjjsTYZl2zeOdYCJgedbaCKp9R52FtXNPls7h1rASOpl1zW76i2wmiVoSqwSJ7LL8CnnOe62BwmH2OoanGN5l/RVcmEs96GK4XygiHJ8+DpMYAhF9IZZIN9jglhCvjluBT0DXoFtEGLsOXSoQ0YQKN91ygWcgqN97xG6jljCm+9l2aLlUI/NyLZgLABNB4arLAAw+7r26B/nQVotiGzrWsTquFAmrhsseuGQMiNl+qdOh/xX6MFw5V//k/h6b07ndaebius9c+d1gw3IIUtE12i1Lvgv2EwVvAcGsLBNGQ/Y/QK8g==</Value>
				</Measurement>
			</Results>
		</Test>
		<EndDateTime>May 15 17:04 [NON-UTF-8-BYTE-0xB4][NON-UTF-8-BYTE-0xEB][NON-UTF-8-BYTE-0xC7]ѹα[NON-UTF-8-BYTE-0xB9] ǥ[NON-UTF-8-BYTE-0xC1]ؽ[NON-UTF-8-BYTE-0xC3]</EndDateTime>
		<EndTestTime>1778832282</EndTestTime>
		<ElapsedMinutes>0</ElapsedMinutes>
	</Testing>
</Site>
